0001_0013_0013_0076_0076.jpg 1 13 13 76 76
0002_0015_0042_0050_0050.jpg 1 15 42 50 50
0003_0026_0015_0063_0063.jpg 1 26 15 63 63
0004_0017_0008_0072_0072.jpg 1 17 8 72 72
0005_0018_0036_0061_0061.jpg 1 18 36 61 61
0006_0043_0008_0057_0057.jpg 1 43 8 57 57
0007_0015_0031_0083_0083.jpg 1 15 31 83 83
0008_0005_0012_0079_0079.jpg 1 5 12 79 79
0009_0016_0018_0072_0072.jpg 1 16 18 72 72
0010_0016_0010_0081_0081.jpg 1 16 10 81 81
0011_0013_0063_0046_0046.jpg 1 13 63 46 46
0012_0049_0054_0040_0040.jpg 1 49 54 40 40
0013_0036_0042_0065_0065.jpg 1 36 42 65 65
0014_0008_0020_0054_0054.jpg 1 8 20 54 54
0015_0021_0032_0080_0080.jpg 1 21 32 80 80
0016_0034_0037_0060_0060.jpg 1 34 37 60 60
0017_0012_0048_0067_0067.jpg 1 12 48 67 67
0018_0029_0047_0039_0039.jpg 1 29 47 39 39
0019_0054_0010_0057_0057.jpg 1 54 10 57 57
0020_0007_0005_0087_0087.jpg 1 7 5 87 87
0021_0054_0022_0033_0033.jpg 1 54 22 33 33
0022_0009_0015_0066_0066.jpg 1 9 15 66 66
0023_0071_0022_0038_0038.jpg 1 71 22 38 38
0024_0048_0061_0051_0051.jpg 1 48 61 51 51
0025_0047_0056_0040_0040.jpg 1 47 56 40 40
0026_0066_0034_0042_0042.jpg 1 66 34 42 42
0027_0069_0023_0028_0028.jpg 1 69 23 28 28
0028_0029_0013_0051_0051.jpg 1 29 13 51 51
0029_0033_0050_0058_0058.jpg 1 33 50 58 58
0030_0054_0055_0048_0048.jpg 1 54 55 48 48
0031_0013_0010_0087_0087.jpg 1 13 10 87 87
0032_0059_0022_0053_0053.jpg 1 59 22 53 53
0033_0025_0039_0064_0064.jpg 1 25 39 64 64
0034_0020_0016_0082_0082.jpg 1 20 16 82 82
0035_0009_0031_0082_0082.jpg 1 9 31 82 82
0036_0032_0037_0057_0057.jpg 1 32 37 57 57
0037_0011_0049_0043_0043.jpg 1 11 49 43 43
0038_0040_0019_0069_0069.jpg 1 40 19 69 69
0039_0042_0030_0060_0060.jpg 1 42 30 60 60
0040_0067_0011_0027_0027.jpg 1 67 11 27 27
0041_0032_0020_0083_0083.jpg 1 32 20 83 83
0042_0049_0060_0032_0032.jpg 1 49 60 32 32
0043_0025_0024_0034_0034.jpg 1 25 24 34 34
0044_0049_0006_0060_0060.jpg 1 49 6 60 60
0045_0044_0018_0032_0032.jpg 1 44 18 32 32
0046_0047_0047_0030_0030.jpg 1 47 47 30 30
0047_0051_0020_0054_0054.jpg 1 51 20 54 54
0048_0012_0022_0078_0078.jpg 1 12 22 78 78
0049_0020_0015_0077_0077.jpg 1 20 15 77 77
0050_0018_0005_0077_0077.jpg 1 18 5 77 77
0051_0037_0027_0027_0027.jpg 1 37 27 27 27
0052_0034_0024_0078_0078.jpg 1 34 24 78 78
0053_0023_0031_0027_0027.jpg 1 23 31 27 27
0054_0063_0019_0043_0043.jpg 1 63 19 43 43
0055_0029_0007_0085_0085.jpg 1 29 7 85 85
0056_0053_0045_0052_0052.jpg 1 53 45 52 52
0057_0027_0027_0068_0068.jpg 1 27 27 68 68
0058_0021_0021_0044_0044.jpg 1 21 21 44 44
0059_0050_0037_0048_0048.jpg 1 50 37 48 48
0060_0025_0015_0078_0078.jpg 1 25 15 78 78
0061_0024_0024_0084_0084.jpg 1 24 24 84 84
0062_0055_0023_0024_0024.jpg 1 55 23 24 24
0063_0047_0032_0068_0068.jpg 1 47 32 68 68
0064_0008_0053_0050_0050.jpg 1 8 53 50 50
0065_0061_0033_0050_0050.jpg 1 61 33 50 50
0066_0017_0023_0088_0088.jpg 1 17 23 88 88
0067_0041_0049_0054_0054.jpg 1 41 49 54 54
0068_0028_0033_0033_0033.jpg 1 28 33 33 33
0069_0032_0053_0041_0041.jpg 1 32 53 41 41
0070_0033_0008_0081_0081.jpg 1 33 8 81 81
0071_0012_0048_0058_0058.jpg 1 12 48 58 58
0072_0033_0024_0084_0084.jpg 1 33 24 84 84
0073_0055_0025_0040_0040.jpg 1 55 25 40 40
0074_0019_0016_0054_0054.jpg 1 19 16 54 54
0075_0028_0046_0068_0068.jpg 1 28 46 68 68
0076_0013_0016_0063_0063.jpg 1 13 16 63 63
0077_0021_0021_0068_0068.jpg 1 21 21 68 68
0078_0043_0075_0031_0031.jpg 1 43 75 31 31
0079_0021_0007_0082_0082.jpg 1 21 7 82 82
0080_0074_0045_0034_0034.jpg 1 74 45 34 34
0081_0015_0017_0087_0087.jpg 1 15 17 87 87
0082_0009_0041_0076_0076.jpg 1 9 41 76 76
0083_0035_0032_0043_0043.jpg 1 35 32 43 43
0084_0031_0022_0087_0087.jpg 1 31 22 87 87
0085_0046_0072_0029_0029.jpg 1 46 72 29 29
0086_0030_0012_0061_0061.jpg 1 30 12 61 61
0087_0014_0012_0072_0072.jpg 1 14 12 72 72
0088_0044_0051_0059_0059.jpg 1 44 51 59 59
0089_0031_0046_0064_0064.jpg 1 31 46 64 64
0090_0024_0048_0066_0066.jpg 1 24 48 66 66
0091_0023_0017_0064_0064.jpg 1 23 17 64 64
0092_0068_0039_0033_0033.jpg 1 68 39 33 33
0093_0022_0015_0062_0062.jpg 1 22 15 62 62
0094_0034_0050_0051_0051.jpg 1 34 50 51 51
0095_0058_0047_0045_0045.jpg 1 58 47 45 45
0096_0052_0037_0040_0040.jpg 1 52 37 40 40
0097_0040_0034_0065_0065.jpg 1 40 34 65 65
0098_0042_0036_0060_0060.jpg 1 42 36 60 60
0099_0013_0029_0078_0078.jpg 1 13 29 78 78
0100_0014_0034_0060_0060.jpg 1 14 34 60 60
0101_0007_0016_0081_0081.jpg 1 7 16 81 81
0102_0013_0023_0079_0079.jpg 1 13 23 79 79
0103_0046_0069_0027_0027.jpg 1 46 69 27 27
0104_0058_0009_0045_0045.jpg 1 58 9 45 45
0105_0007_0035_0064_0064.jpg 1 7 35 64 64
0106_0020_0034_0083_0083.jpg 1 20 34 83 83
0107_0018_0020_0075_0075.jpg 1 18 20 75 75
0108_0030_0019_0080_0080.jpg 1 30 19 80 80
0109_0014_0048_0042_0042.jpg 1 14 48 42 42
0110_0008_0015_0082_0082.jpg 1 8 15 82 82
0111_0046_0036_0059_0059.jpg 1 46 36 59 59
0112_0028_0027_0084_0084.jpg 1 28 27 84 84
0113_0066_0048_0037_0037.jpg 1 66 48 37 37
0114_0062_0066_0045_0045.jpg 1 62 66 45 45
0115_0015_0025_0084_0084.jpg 1 15 25 84 84
0116_0025_0034_0046_0046.jpg 1 25 34 46 46
0117_0045_0034_0056_0056.jpg 1 45 34 56 56
0118_0042_0046_0057_0057.jpg 1 42 46 57 57
0119_0034_0053_0040_0040.jpg 1 34 53 40 40
0120_0023_0020_0044_0044.jpg 1 23 20 44 44
0121_0034_0036_0064_0064.jpg 1 34 36 64 64
0122_0017_0041_0071_0071.jpg 1 17 41 71 71
0123_0018_0031_0069_0069.jpg 1 18 31 69 69
0124_0025_0046_0063_0063.jpg 1 25 46 63 63
0125_0013_0014_0085_0085.jpg 1 13 14 85 85
0126_0011_0061_0030_0030.jpg 1 11 61 30 30
0127_0017_0027_0084_0084.jpg 1 17 27 84 84
0128_0013_0008_0089_0089.jpg 1 13 8 89 89
0129_0013_0052_0061_0061.jpg 1 13 52 61 61
0130_0029_0012_0044_0044.jpg 1 29 12 44 44
0131_0015_0037_0053_0053.jpg 1 15 37 53 53
0132_0017_0013_0071_0071.jpg 1 17 13 71 71
0133_0010_0024_0041_0041.jpg 1 10 24 41 41
0134_0074_0063_0026_0026.jpg 1 74 63 26 26
0135_0030_0025_0037_0037.jpg 1 30 25 37 37
0136_0022_0016_0080_0080.jpg 1 22 16 80 80
0137_0044_0044_0072_0072.jpg 1 44 44 72 72
0138_0035_0019_0059_0059.jpg 1 35 19 59 59
0139_0037_0051_0042_0042.jpg 1 37 51 42 42
0140_0064_0058_0024_0024.jpg 1 64 58 24 24
0141_0063_0053_0030_0030.jpg 1 63 53 30 30
0142_0016_0016_0069_0069.jpg 1 16 16 69 69
0143_0029_0022_0060_0060.jpg 1 29 22 60 60
0144_0027_0032_0051_0051.jpg 1 27 32 51 51
0145_0032_0031_0083_0083.jpg 1 32 31 83 83
0146_0017_0025_0056_0056.jpg 1 17 25 56 56
0147_0018_0008_0076_0076.jpg 1 18 8 76 76
0148_0037_0063_0041_0041.jpg 1 37 63 41 41
0149_0045_0058_0024_0024.jpg 1 45 58 24 24
0150_0030_0051_0061_0061.jpg 1 30 51 61 61
0151_0015_0018_0089_0089.jpg 1 15 18 89 89
0152_0010_0023_0068_0068.jpg 1 10 23 68 68
0153_0025_0018_0057_0057.jpg 1 25 18 57 57
0154_0016_0023_0089_0089.jpg 1 16 23 89 89
0155_0007_0032_0076_0076.jpg 1 7 32 76 76
0156_0024_0065_0032_0032.jpg 1 24 65 32 32
0157_0015_0063_0032_0032.jpg 1 15 63 32 32
0158_0044_0039_0068_0068.jpg 1 44 39 68 68
0159_0016_0052_0057_0057.jpg 1 16 52 57 57
0160_0013_0007_0081_0081.jpg 1 13 7 81 81
0161_0026_0025_0030_0030.jpg 1 26 25 30 30
0162_0012_0040_0050_0050.jpg 1 12 40 50 50
0163_0008_0021_0082_0082.jpg 1 8 21 82 82
0164_0024_0064_0025_0025.jpg 1 24 64 25 25
0165_0044_0045_0050_0050.jpg 1 44 45 50 50
0166_0027_0039_0069_0069.jpg 1 27 39 69 69
0167_0063_0034_0040_0040.jpg 1 63 34 40 40
0168_0021_0039_0039_0039.jpg 1 21 39 39 39
0169_0066_0046_0039_0039.jpg 1 66 46 39 39
0170_0013_0047_0049_0049.jpg 1 13 47 49 49
0171_0015_0042_0028_0028.jpg 1 15 42 28 28
0172_0045_0050_0038_0038.jpg 1 45 50 38 38
0173_0029_0025_0057_0057.jpg 1 29 25 57 57
0174_0052_0066_0039_0039.jpg 1 52 66 39 39
0175_0010_0034_0033_0033.jpg 1 10 34 33 33
0176_0041_0041_0027_0027.jpg 1 41 41 27 27
0177_0024_0025_0075_0075.jpg 1 24 25 75 75
0178_0029_0011_0082_0082.jpg 1 29 11 82 82
0179_0022_0052_0045_0045.jpg 1 22 52 45 45
0180_0064_0055_0027_0027.jpg 1 64 55 27 27
0181_0069_0067_0028_0028.jpg 1 69 67 28 28
0182_0018_0043_0055_0055.jpg 1 18 43 55 55
0183_0032_0021_0074_0074.jpg 1 32 21 74 74
0184_0032_0044_0028_0028.jpg 1 32 44 28 28
0185_0034_0035_0037_0037.jpg 1 34 35 37 37
0186_0024_0027_0084_0084.jpg 1 24 27 84 84
0187_0037_0019_0055_0055.jpg 1 37 19 55 55
0188_0040_0011_0073_0073.jpg 1 40 11 73 73
0189_0027_0039_0067_0067.jpg 1 27 39 67 67
0190_0007_0031_0062_0062.jpg 1 7 31 62 62
0191_0008_0030_0060_0060.jpg 1 8 30 60 60
0192_0007_0006_0089_0089.jpg 1 7 6 89 89
0193_0024_0026_0048_0048.jpg 1 24 26 48 48
0194_0031_0037_0047_0047.jpg 1 31 37 47 47
0195_0048_0012_0028_0028.jpg 1 48 12 28 28
0196_0033_0039_0074_0074.jpg 1 33 39 74 74
0197_0060_0021_0026_0026.jpg 1 60 21 26 26
0198_0021_0009_0072_0072.jpg 1 21 9 72 72
0199_0041_0036_0062_0062.jpg 1 41 36 62 62
0200_0043_0010_0061_0061.jpg 1 43 10 61 61
0201_0012_0022_0028_0028.jpg 1 12 22 28 28
0202_0025_0057_0025_0025.jpg 1 25 57 25 25
0203_0023_0007_0081_0081.jpg 1 23 7 81 81
0204_0038_0026_0071_0071.jpg 1 38 26 71 71
0205_0012_0015_0081_0081.jpg 1 12 15 81 81
0206_0011_0028_0075_0075.jpg 1 11 28 75 75
0207_0049_0059_0038_0038.jpg 1 49 59 38 38
0208_0035_0037_0056_0056.jpg 1 35 37 56 56
0209_0038_0013_0057_0057.jpg 1 38 13 57 57
0210_0021_0031_0080_0080.jpg 1 21 31 80 80
0211_0023_0026_0087_0087.jpg 1 23 26 87 87
0212_0056_0030_0038_0038.jpg 1 56 30 38 38
0213_0009_0075_0029_0029.jpg 1 9 75 29 29
0214_0021_0030_0051_0051.jpg 1 21 30 51 51
0215_0026_0036_0079_0079.jpg 1 26 36 79 79
0216_0023_0020_0045_0045.jpg 1 23 20 45 45
0217_0020_0012_0079_0079.jpg 1 20 12 79 79
0218_0049_0071_0037_0037.jpg 1 49 71 37 37
0219_0031_0007_0083_0083.jpg 1 31 7 83 83
0220_0027_0006_0074_0074.jpg 1 27 6 74 74
0221_0010_0041_0066_0066.jpg 1 10 41 66 66
0222_0042_0019_0031_0031.jpg 1 42 19 31 31
0223_0008_0033_0060_0060.jpg 1 8 33 60 60
0224_0023_0027_0077_0077.jpg 1 23 27 77 77
0225_0079_0041_0027_0027.jpg 1 79 41 27 27
0226_0042_0052_0048_0048.jpg 1 42 52 48 48
0227_0059_0032_0046_0046.jpg 1 59 32 46 46
0228_0015_0053_0057_0057.jpg 1 15 53 57 57
0229_0015_0037_0076_0076.jpg 1 15 37 76 76
0230_0065_0016_0044_0044.jpg 1 65 16 44 44
0231_0035_0049_0056_0056.jpg 1 35 49 56 56
0232_0009_0014_0040_0040.jpg 1 9 14 40 40
0233_0044_0048_0043_0043.jpg 1 44 48 43 43
0234_0025_0059_0031_0031.jpg 1 25 59 31 31
0235_0010_0040_0038_0038.jpg 1 10 40 38 38
0236_0034_0013_0084_0084.jpg 1 34 13 84 84
0237_0030_0018_0087_0087.jpg 1 30 18 87 87
0238_0037_0033_0062_0062.jpg 1 37 33 62 62
0239_0068_0063_0030_0030.jpg 1 68 63 30 30
0240_0047_0036_0061_0061.jpg 1 47 36 61 61
0241_0033_0032_0028_0028.jpg 1 33 32 28 28
0242_0012_0040_0035_0035.jpg 1 12 40 35 35
0243_0051_0023_0043_0043.jpg 1 51 23 43 43
0244_0041_0059_0039_0039.jpg 1 41 59 39 39
0245_0051_0039_0048_0048.jpg 1 51 39 48 48
0246_0015_0028_0072_0072.jpg 1 15 28 72 72
0247_0013_0049_0057_0057.jpg 1 13 49 57 57
0248_0034_0008_0082_0082.jpg 1 34 8 82 82
0249_0028_0005_0078_0078.jpg 1 28 5 78 78
0250_0016_0075_0033_0033.jpg 1 16 75 33 33
0251_0029_0050_0050_0050.jpg 1 29 50 50 50
0252_0033_0021_0082_0082.jpg 1 33 21 82 82
0253_0078_0032_0030_0030.jpg 1 78 32 30 30
0254_0036_0013_0080_0080.jpg 1 36 13 80 80
0255_0036_0050_0060_0060.jpg 1 36 50 60 60
0256_0028_0028_0081_0081.jpg 1 28 28 81 81
0257_0034_0010_0037_0037.jpg 1 34 10 37 37
0258_0010_0053_0042_0042.jpg 1 10 53 42 42
0259_0025_0055_0038_0038.jpg 1 25 55 38 38
0260_0053_0023_0058_0058.jpg 1 53 23 58 58
0261_0059_0036_0042_0042.jpg 1 59 36 42 42
0262_0009_0033_0083_0083.jpg 1 9 33 83 83
0263_0005_0017_0082_0082.jpg 1 5 17 82 82
0264_0012_0015_0063_0063.jpg 1 12 15 63 63
0265_0033_0041_0034_0034.jpg 1 33 41 34 34
0266_0022_0058_0044_0044.jpg 1 22 58 44 44
0267_0064_0045_0029_0029.jpg 1 64 45 29 29
0268_0024_0013_0055_0055.jpg 1 24 13 55 55
0269_0011_0038_0069_0069.jpg 1 11 38 69 69
0270_0016_0007_0064_0064.jpg 1 16 7 64 64
0271_0066_0024_0030_0030.jpg 1 66 24 30 30
0272_0025_0068_0030_0030.jpg 1 25 68 30 30
0273_0022_0014_0085_0085.jpg 1 22 14 85 85
0274_0066_0032_0030_0030.jpg 1 66 32 30 30
0275_0026_0006_0085_0085.jpg 1 26 6 85 85
0276_0031_0050_0053_0053.jpg 1 31 50 53 53
0277_0025_0010_0069_0069.jpg 1 25 10 69 69
0278_0029_0065_0040_0040.jpg 1 29 65 40 40
0279_0039_0024_0077_0077.jpg 1 39 24 77 77
0280_0064_0011_0039_0039.jpg 1 64 11 39 39
0281_0012_0049_0055_0055.jpg 1 12 49 55 55
0282_0016_0021_0058_0058.jpg 1 16 21 58 58
0283_0016_0044_0067_0067.jpg 1 16 44 67 67
0284_0033_0052_0047_0047.jpg 1 33 52 47 47
0285_0065_0067_0028_0028.jpg 1 65 67 28 28
0286_0043_0045_0047_0047.jpg 1 43 45 47 47
0287_0029_0017_0041_0041.jpg 1 29 17 41 41
0288_0012_0017_0069_0069.jpg 1 12 17 69 69
0289_0057_0013_0055_0055.jpg 1 57 13 55 55
0290_0013_0061_0043_0043.jpg 1 13 61 43 43
0291_0012_0060_0040_0040.jpg 1 12 60 40 40
0292_0017_0034_0073_0073.jpg 1 17 34 73 73
0293_0037_0006_0070_0070.jpg 1 37 6 70 70
0294_0019_0031_0084_0084.jpg 1 19 31 84 84
0295_0046_0055_0042_0042.jpg 1 46 55 42 42
0296_0018_0025_0066_0066.jpg 1 18 25 66 66
0297_0048_0052_0060_0060.jpg 1 48 52 60 60
0298_0030_0034_0037_0037.jpg 1 30 34 37 37
0299_0062_0052_0041_0041.jpg 1 62 52 41 41
0300_0007_0019_0060_0060.jpg 1 7 19 60 60
0301_0022_0041_0050_0050.jpg 1 22 41 50 50
0302_0012_0077_0028_0028.jpg 1 12 77 28 28
0303_0016_0021_0076_0076.jpg 1 16 21 76 76
0304_0025_0025_0062_0062.jpg 1 25 25 62 62
0305_0009_0013_0076_0076.jpg 1 9 13 76 76
0306_0059_0063_0035_0035.jpg 1 59 63 35 35
0307_0017_0035_0057_0057.jpg 1 17 35 57 57
0308_0017_0022_0025_0025.jpg 1 17 22 25 25
0309_0036_0027_0078_0078.jpg 1 36 27 78 78
0310_0072_0032_0036_0036.jpg 1 72 32 36 36
0311_0006_0039_0073_0073.jpg 1 6 39 73 73
0312_0005_0019_0083_0083.jpg 1 5 19 83 83
0313_0066_0046_0030_0030.jpg 1 66 46 30 30
0314_0025_0007_0063_0063.jpg 1 25 7 63 63
0315_0031_0038_0076_0076.jpg 1 31 38 76 76
0316_0037_0062_0042_0042.jpg 1 37 62 42 42
0317_0069_0014_0025_0025.jpg 1 69 14 25 25
0318_0031_0035_0053_0053.jpg 1 31 35 53 53
0319_0033_0055_0031_0031.jpg 1 33 55 31 31
0320_0009_0014_0085_0085.jpg 1 9 14 85 85
0321_0060_0016_0036_0036.jpg 1 60 16 36 36
0322_0012_0014_0039_0039.jpg 1 12 14 39 39
0323_0028_0010_0089_0089.jpg 1 28 10 89 89
0324_0012_0020_0039_0039.jpg 1 12 20 39 39
0325_0013_0006_0076_0076.jpg 1 13 6 76 76
0326_0073_0062_0033_0033.jpg 1 73 62 33 33
0327_0007_0021_0088_0088.jpg 1 7 21 88 88
0328_0016_0014_0043_0043.jpg 1 16 14 43 43
0329_0024_0012_0047_0047.jpg 1 24 12 47 47
0330_0021_0021_0031_0031.jpg 1 21 21 31 31
0331_0031_0022_0080_0080.jpg 1 31 22 80 80
0332_0009_0020_0036_0036.jpg 1 9 20 36 36
0333_0025_0039_0078_0078.jpg 1 25 39 78 78
0334_0050_0027_0046_0046.jpg 1 50 27 46 46
0335_0066_0042_0038_0038.jpg 1 66 42 38 38
0336_0023_0008_0073_0073.jpg 1 23 8 73 73
0337_0054_0028_0029_0029.jpg 1 54 28 29 29
0338_0026_0049_0038_0038.jpg 1 26 49 38 38
0339_0036_0044_0067_0067.jpg 1 36 44 67 67
0340_0066_0067_0032_0032.jpg 1 66 67 32 32
0341_0056_0015_0051_0051.jpg 1 56 15 51 51
0342_0062_0052_0041_0041.jpg 1 62 52 41 41
0343_0050_0040_0052_0052.jpg 1 50 40 52 52
0344_0010_0018_0063_0063.jpg 1 10 18 63 63
0345_0007_0030_0080_0080.jpg 1 7 30 80 80
0346_0011_0025_0064_0064.jpg 1 11 25 64 64
0347_0058_0012_0048_0048.jpg 1 58 12 48 48
0348_0026_0023_0050_0050.jpg 1 26 23 50 50
0349_0035_0011_0081_0081.jpg 1 35 11 81 81
0350_0014_0012_0086_0086.jpg 1 14 12 86 86
0351_0046_0049_0056_0056.jpg 1 46 49 56 56
0352_0045_0027_0038_0038.jpg 1 45 27 38 38
0353_0023_0011_0061_0061.jpg 1 23 11 61 61
0354_0006_0042_0065_0065.jpg 1 6 42 65 65
0355_0037_0013_0027_0027.jpg 1 37 13 27 27
0356_0017_0031_0083_0083.jpg 1 17 31 83 83
0357_0024_0009_0080_0080.jpg 1 24 9 80 80
0358_0047_0041_0035_0035.jpg 1 47 41 35 35
0359_0029_0007_0084_0084.jpg 1 29 7 84 84
0360_0057_0037_0045_0045.jpg 1 57 37 45 45
0361_0019_0017_0074_0074.jpg 1 19 17 74 74
0362_0019_0022_0087_0087.jpg 1 19 22 87 87
0363_0034_0022_0063_0063.jpg 1 34 22 63 63
0364_0005_0023_0089_0089.jpg 1 5 23 89 89
0365_0029_0032_0060_0060.jpg 1 29 32 60 60
0366_0010_0005_0083_0083.jpg 1 10 5 83 83
0367_0046_0015_0060_0060.jpg 1 46 15 60 60
0368_0018_0021_0077_0077.jpg 1 18 21 77 77
0369_0038_0069_0040_0040.jpg 1 38 69 40 40
0370_0030_0033_0080_0080.jpg 1 30 33 80 80
0371_0012_0011_0084_0084.jpg 1 12 11 84 84
0372_0069_0023_0024_0024.jpg 1 69 23 24 24
0373_0048_0046_0054_0054.jpg 1 48 46 54 54
0374_0007_0038_0071_0071.jpg 1 7 38 71 71
0375_0019_0030_0061_0061.jpg 1 19 30 61 61
0376_0042_0015_0032_0032.jpg 1 42 15 32 32
0377_0019_0029_0043_0043.jpg 1 19 29 43 43
0378_0024_0037_0074_0074.jpg 1 24 37 74 74
0379_0037_0047_0055_0055.jpg 1 37 47 55 55
0380_0025_0028_0039_0039.jpg 1 25 28 39 39
0381_0027_0016_0061_0061.jpg 1 27 16 61 61
0382_0055_0055_0055_0055.jpg 1 55 55 55 55
0383_0008_0037_0061_0061.jpg 1 8 37 61 61
0384_0064_0014_0026_0026.jpg 1 64 14 26 26
0385_0008_0006_0069_0069.jpg 1 8 6 69 69
0386_0076_0015_0027_0027.jpg 1 76 15 27 27
0387_0036_0035_0041_0041.jpg 1 36 35 41 41
0388_0010_0073_0035_0035.jpg 1 10 73 35 35
0389_0031_0033_0085_0085.jpg 1 31 33 85 85
0390_0055_0051_0032_0032.jpg 1 55 51 32 32
0391_0023_0026_0086_0086.jpg 1 23 26 86 86
0392_0011_0035_0062_0062.jpg 1 11 35 62 62
0393_0018_0009_0080_0080.jpg 1 18 9 80 80
0394_0014_0020_0079_0079.jpg 1 14 20 79 79
0395_0019_0039_0063_0063.jpg 1 19 39 63 63
0396_0021_0026_0032_0032.jpg 1 21 26 32 32
0397_0060_0072_0031_0031.jpg 1 60 72 31 31
0398_0012_0010_0079_0079.jpg 1 12 10 79 79
0399_0067_0058_0034_0034.jpg 1 67 58 34 34
0400_0012_0012_0056_0056.jpg 1 12 12 56 56
0401_0027_0065_0043_0043.jpg 1 27 65 43 43
0402_0019_0024_0070_0070.jpg 1 19 24 70 70
0403_0046_0009_0050_0050.jpg 1 46 9 50 50
0404_0006_0012_0072_0072.jpg 1 6 12 72 72
0405_0033_0069_0028_0028.jpg 1 33 69 28 28
0406_0071_0060_0027_0027.jpg 1 71 60 27 27
0407_0014_0019_0049_0049.jpg 1 14 19 49 49
0408_0014_0059_0045_0045.jpg 1 14 59 45 45
0409_0007_0009_0066_0066.jpg 1 7 9 66 66
0410_0024_0021_0080_0080.jpg 1 24 21 80 80
0411_0010_0022_0078_0078.jpg 1 10 22 78 78
0412_0017_0020_0054_0054.jpg 1 17 20 54 54
0413_0044_0023_0029_0029.jpg 1 44 23 29 29
0414_0061_0049_0050_0050.jpg 1 61 49 50 50
0415_0012_0017_0083_0083.jpg 1 12 17 83 83
0416_0032_0033_0061_0061.jpg 1 32 33 61 61
0417_0039_0044_0052_0052.jpg 1 39 44 52 52
0418_0015_0062_0039_0039.jpg 1 15 62 39 39
0419_0029_0027_0066_0066.jpg 1 29 27 66 66
0420_0023_0046_0039_0039.jpg 1 23 46 39 39
0421_0009_0025_0086_0086.jpg 1 9 25 86 86
0422_0031_0063_0046_0046.jpg 1 31 63 46 46
0423_0024_0035_0073_0073.jpg 1 24 35 73 73
0424_0006_0016_0077_0077.jpg 1 6 16 77 77
0425_0028_0009_0086_0086.jpg 1 28 9 86 86
0426_0023_0054_0048_0048.jpg 1 23 54 48 48
0427_0053_0048_0047_0047.jpg 1 53 48 47 47
0428_0079_0056_0027_0027.jpg 1 79 56 27 27
0429_0015_0050_0047_0047.jpg 1 15 50 47 47
0430_0024_0053_0053_0053.jpg 1 24 53 53 53
0431_0018_0049_0047_0047.jpg 1 18 49 47 47
0432_0008_0011_0079_0079.jpg 1 8 11 79 79
0433_0048_0026_0026_0026.jpg 1 48 26 26 26
0434_0026_0007_0065_0065.jpg 1 26 7 65 65
0435_0040_0046_0053_0053.jpg 1 40 46 53 53
0436_0008_0018_0070_0070.jpg 1 8 18 70 70
0437_0060_0012_0044_0044.jpg 1 60 12 44 44
0438_0067_0050_0035_0035.jpg 1 67 50 35 35
0439_0005_0009_0081_0081.jpg 1 5 9 81 81
0440_0017_0025_0062_0062.jpg 1 17 25 62 62
0441_0037_0008_0074_0074.jpg 1 37 8 74 74
0442_0028_0030_0086_0086.jpg 1 28 30 86 86
0443_0019_0009_0067_0067.jpg 1 19 9 67 67
0444_0020_0013_0034_0034.jpg 1 20 13 34 34
0445_0039_0013_0046_0046.jpg 1 39 13 46 46
0446_0022_0040_0076_0076.jpg 1 22 40 76 76
0447_0024_0020_0089_0089.jpg 1 24 20 89 89
0448_0025_0036_0071_0071.jpg 1 25 36 71 71
0449_0033_0007_0074_0074.jpg 1 33 7 74 74
0450_0014_0024_0084_0084.jpg 1 14 24 84 84
0451_0040_0058_0040_0040.jpg 1 40 58 40 40
0452_0024_0031_0048_0048.jpg 1 24 31 48 48
0453_0037_0033_0077_0077.jpg 1 37 33 77 77
0454_0007_0012_0076_0076.jpg 1 7 12 76 76
0455_0034_0027_0035_0035.jpg 1 34 27 35 35
0456_0034_0026_0084_0084.jpg 1 34 26 84 84
0457_0039_0030_0069_0069.jpg 1 39 30 69 69
0458_0033_0024_0053_0053.jpg 1 33 24 53 53
0459_0007_0026_0056_0056.jpg 1 7 26 56 56
0460_0020_0065_0045_0045.jpg 1 20 65 45 45
0461_0031_0013_0057_0057.jpg 1 31 13 57 57
0462_0007_0027_0078_0078.jpg 1 7 27 78 78
0463_0021_0020_0062_0062.jpg 1 21 20 62 62
0464_0065_0063_0034_0034.jpg 1 65 63 34 34
0465_0011_0035_0024_0024.jpg 1 11 35 24 24
0466_0043_0023_0060_0060.jpg 1 43 23 60 60
0467_0038_0007_0075_0075.jpg 1 38 7 75 75
0468_0029_0031_0064_0064.jpg 1 29 31 64 64
0469_0036_0033_0080_0080.jpg 1 36 33 80 80
0470_0010_0014_0073_0073.jpg 1 10 14 73 73
0471_0046_0027_0035_0035.jpg 1 46 27 35 35
0472_0021_0026_0029_0029.jpg 1 21 26 29 29
0473_0006_0012_0071_0071.jpg 1 6 12 71 71
0474_0032_0038_0077_0077.jpg 1 32 38 77 77
0475_0037_0024_0077_0077.jpg 1 37 24 77 77
0476_0031_0018_0074_0074.jpg 1 31 18 74 74
0477_0019_0011_0073_0073.jpg 1 19 11 73 73
0478_0017_0029_0080_0080.jpg 1 17 29 80 80
0479_0060_0012_0048_0048.jpg 1 60 12 48 48
0480_0014_0019_0028_0028.jpg 1 14 19 28 28
0481_0021_0053_0056_0056.jpg 1 21 53 56 56
0482_0004_0012_0086_0086.jpg 1 4 12 86 86
0483_0009_0014_0038_0038.jpg 1 9 14 38 38
0484_0017_0029_0045_0045.jpg 1 17 29 45 45
0485_0014_0036_0058_0058.jpg 1 14 36 58 58
0486_0007_0029_0073_0073.jpg 1 7 29 73 73
0487_0017_0027_0069_0069.jpg 1 17 27 69 69
0488_0025_0014_0084_0084.jpg 1 25 14 84 84
0489_0015_0039_0026_0026.jpg 1 15 39 26 26
0490_0028_0040_0064_0064.jpg 1 28 40 64 64
0491_0018_0028_0065_0065.jpg 1 18 28 65 65
0492_0051_0048_0062_0062.jpg 1 51 48 62 62
0493_0057_0033_0051_0051.jpg 1 57 33 51 51
0494_0020_0021_0071_0071.jpg 1 20 21 71 71
0495_0030_0040_0049_0049.jpg 1 30 40 49 49
0496_0068_0022_0028_0028.jpg 1 68 22 28 28
0497_0023_0019_0085_0085.jpg 1 23 19 85 85
0498_0022_0008_0083_0083.jpg 1 22 8 83 83
0499_0010_0016_0085_0085.jpg 1 10 16 85 85
0500_0040_0015_0073_0073.jpg 1 40 15 73 73
0501_0032_0030_0078_0078.jpg 1 32 30 78 78
0502_0014_0040_0070_0070.jpg 1 14 40 70 70
0503_0056_0071_0036_0036.jpg 1 56 71 36 36
0504_0011_0036_0078_0078.jpg 1 11 36 78 78
0505_0034_0007_0057_0057.jpg 1 34 7 57 57
0506_0036_0043_0058_0058.jpg 1 36 43 58 58
0507_0021_0028_0086_0086.jpg 1 21 28 86 86
0508_0023_0035_0055_0055.jpg 1 23 35 55 55
0509_0039_0047_0058_0058.jpg 1 39 47 58 58
0510_0022_0025_0084_0084.jpg 1 22 25 84 84
0511_0014_0027_0037_0037.jpg 1 14 27 37 37
0512_0018_0038_0030_0030.jpg 1 18 38 30 30
0513_0053_0021_0044_0044.jpg 1 53 21 44 44
0514_0049_0013_0042_0042.jpg 1 49 13 42 42
0515_0027_0025_0044_0044.jpg 1 27 25 44 44
0516_0027_0060_0032_0032.jpg 1 27 60 32 32
0517_0015_0039_0070_0070.jpg 1 15 39 70 70
0518_0024_0027_0066_0066.jpg 1 24 27 66 66
0519_0026_0046_0043_0043.jpg 1 26 46 43 43
0520_0045_0013_0062_0062.jpg 1 45 13 62 62
0521_0024_0042_0072_0072.jpg 1 24 42 72 72
0522_0017_0026_0078_0078.jpg 1 17 26 78 78
0523_0010_0047_0050_0050.jpg 1 10 47 50 50
0524_0026_0027_0084_0084.jpg 1 26 27 84 84
0525_0012_0016_0070_0070.jpg 1 12 16 70 70
0526_0039_0025_0075_0075.jpg 1 39 25 75 75
0527_0035_0018_0070_0070.jpg 1 35 18 70 70
0528_0019_0047_0043_0043.jpg 1 19 47 43 43
0529_0010_0068_0039_0039.jpg 1 10 68 39 39
0530_0033_0047_0062_0062.jpg 1 33 47 62 62
0531_0049_0059_0047_0047.jpg 1 49 59 47 47
0532_0049_0051_0045_0045.jpg 1 49 51 45 45
0533_0071_0077_0030_0030.jpg 1 71 77 30 30
0534_0031_0010_0077_0077.jpg 1 31 10 77 77
0535_0038_0008_0057_0057.jpg 1 38 8 57 57
0536_0022_0021_0065_0065.jpg 1 22 21 65 65
0537_0048_0037_0052_0052.jpg 1 48 37 52 52
0538_0058_0070_0038_0038.jpg 1 58 70 38 38
0539_0032_0021_0072_0072.jpg 1 32 21 72 72
0540_0011_0023_0056_0056.jpg 1 11 23 56 56
0541_0021_0013_0083_0083.jpg 1 21 13 83 83
0542_0026_0012_0046_0046.jpg 1 26 12 46 46
0543_0006_0020_0081_0081.jpg 1 6 20 81 81
0544_0015_0010_0054_0054.jpg 1 15 10 54 54
0545_0058_0046_0040_0040.jpg 1 58 46 40 40
0546_0021_0042_0068_0068.jpg 1 21 42 68 68
0547_0040_0035_0049_0049.jpg 1 40 35 49 49
0548_0056_0021_0046_0046.jpg 1 56 21 46 46
0549_0047_0010_0046_0046.jpg 1 47 10 46 46
0550_0031_0017_0066_0066.jpg 1 31 17 66 66
0551_0065_0059_0046_0046.jpg 1 65 59 46 46
0552_0022_0029_0078_0078.jpg 1 22 29 78 78
0553_0044_0012_0056_0056.jpg 1 44 12 56 56
0554_0066_0061_0024_0024.jpg 1 66 61 24 24
0555_0015_0037_0048_0048.jpg 1 15 37 48 48
0556_0059_0039_0036_0036.jpg 1 59 39 36 36
0557_0006_0018_0085_0085.jpg 1 6 18 85 85
0558_0026_0047_0061_0061.jpg 1 26 47 61 61
0559_0038_0035_0042_0042.jpg 1 38 35 42 42
0560_0019_0027_0077_0077.jpg 1 19 27 77 77
0561_0020_0061_0036_0036.jpg 1 20 61 36 36
0562_0041_0041_0070_0070.jpg 1 41 41 70 70
0563_0043_0032_0049_0049.jpg 1 43 32 49 49
0564_0022_0058_0034_0034.jpg 1 22 58 34 34
0565_0078_0070_0029_0029.jpg 1 78 70 29 29
0566_0013_0027_0050_0050.jpg 1 13 27 50 50
0567_0051_0015_0031_0031.jpg 1 51 15 31 31
0568_0045_0034_0065_0065.jpg 1 45 34 65 65
0569_0031_0024_0061_0061.jpg 1 31 24 61 61
0570_0006_0009_0079_0079.jpg 1 6 9 79 79
0571_0020_0025_0058_0058.jpg 1 20 25 58 58
0572_0016_0012_0028_0028.jpg 1 16 12 28 28
0573_0017_0036_0062_0062.jpg 1 17 36 62 62
0574_0016_0031_0053_0053.jpg 1 16 31 53 53
0575_0027_0019_0088_0088.jpg 1 27 19 88 88
0576_0034_0048_0046_0046.jpg 1 34 48 46 46
0577_0059_0053_0053_0053.jpg 1 59 53 53 53
0578_0012_0030_0079_0079.jpg 1 12 30 79 79
0579_0062_0023_0048_0048.jpg 1 62 23 48 48
0580_0036_0020_0025_0025.jpg 1 36 20 25 25
0581_0068_0054_0036_0036.jpg 1 68 54 36 36
0582_0029_0015_0063_0063.jpg 1 29 15 63 63
0583_0043_0018_0065_0065.jpg 1 43 18 65 65
0584_0021_0029_0040_0040.jpg 1 21 29 40 40
0585_0037_0047_0043_0043.jpg 1 37 47 43 43
0586_0028_0046_0059_0059.jpg 1 28 46 59 59
0587_0014_0014_0065_0065.jpg 1 14 14 65 65
0588_0068_0020_0035_0035.jpg 1 68 20 35 35
0589_0022_0047_0055_0055.jpg 1 22 47 55 55
0590_0042_0055_0044_0044.jpg 1 42 55 44 44
0591_0014_0009_0071_0071.jpg 1 14 9 71 71
0592_0013_0006_0088_0088.jpg 1 13 6 88 88
0593_0023_0046_0031_0031.jpg 1 23 46 31 31
0594_0024_0034_0067_0067.jpg 1 24 34 67 67
0595_0036_0060_0044_0044.jpg 1 36 60 44 44
0596_0027_0015_0054_0054.jpg 1 27 15 54 54
0597_0025_0026_0089_0089.jpg 1 25 26 89 89
0598_0010_0070_0035_0035.jpg 1 10 70 35 35
0599_0032_0038_0056_0056.jpg 1 32 38 56 56
0600_0007_0026_0075_0075.jpg 1 7 26 75 75
0601_0038_0067_0032_0032.jpg 1 38 67 32 32
0602_0068_0044_0029_0029.jpg 1 68 44 29 29
0603_0017_0071_0025_0025.jpg 1 17 71 25 25
0604_0076_0055_0025_0025.jpg 1 76 55 25 25
0605_0032_0029_0051_0051.jpg 1 32 29 51 51
0606_0022_0018_0081_0081.jpg 1 22 18 81 81
0607_0020_0021_0074_0074.jpg 1 20 21 74 74
0608_0011_0009_0079_0079.jpg 1 11 9 79 79
0609_0012_0011_0081_0081.jpg 1 12 11 81 81
0610_0018_0010_0087_0087.jpg 1 18 10 87 87
0611_0027_0054_0042_0042.jpg 1 27 54 42 42
0612_0026_0007_0081_0081.jpg 1 26 7 81 81
0613_0041_0020_0057_0057.jpg 1 41 20 57 57
0614_0055_0024_0057_0057.jpg 1 55 24 57 57
0615_0007_0027_0058_0058.jpg 1 7 27 58 58
0616_0007_0015_0059_0059.jpg 1 7 15 59 59
0617_0017_0044_0070_0070.jpg 1 17 44 70 70
0618_0027_0039_0059_0059.jpg 1 27 39 59 59
0619_0044_0048_0029_0029.jpg 1 44 48 29 29
0620_0022_0014_0060_0060.jpg 1 22 14 60 60
0621_0028_0022_0088_0088.jpg 1 28 22 88 88
0622_0046_0027_0029_0029.jpg 1 46 27 29 29
0623_0021_0015_0079_0079.jpg 1 21 15 79 79
0624_0042_0030_0073_0073.jpg 1 42 30 73 73
0625_0009_0070_0037_0037.jpg 1 9 70 37 37
0626_0040_0035_0031_0031.jpg 1 40 35 31 31
0627_0028_0012_0031_0031.jpg 1 28 12 31 31
0628_0050_0023_0036_0036.jpg 1 50 23 36 36
0629_0044_0030_0069_0069.jpg 1 44 30 69 69
0630_0008_0037_0056_0056.jpg 1 8 37 56 56
0631_0022_0018_0079_0079.jpg 1 22 18 79 79
0632_0038_0028_0066_0066.jpg 1 38 28 66 66
0633_0012_0061_0050_0050.jpg 1 12 61 50 50
0634_0045_0040_0053_0053.jpg 1 45 40 53 53
0635_0007_0032_0053_0053.jpg 1 7 32 53 53
0636_0051_0015_0040_0040.jpg 1 51 15 40 40
0637_0015_0048_0033_0033.jpg 1 15 48 33 33
0638_0028_0005_0088_0088.jpg 1 28 5 88 88
0639_0006_0019_0079_0079.jpg 1 6 19 79 79
0640_0009_0011_0077_0077.jpg 1 9 11 77 77
0641_0029_0021_0057_0057.jpg 1 29 21 57 57
0642_0034_0043_0070_0070.jpg 1 34 43 70 70
0643_0060_0032_0049_0049.jpg 1 60 32 49 49
0644_0053_0047_0027_0027.jpg 1 53 47 27 27
0645_0039_0012_0049_0049.jpg 1 39 12 49 49
0646_0012_0063_0049_0049.jpg 1 12 63 49 49
0647_0026_0009_0051_0051.jpg 1 26 9 51 51
0648_0066_0054_0032_0032.jpg 1 66 54 32 32
0649_0028_0035_0071_0071.jpg 1 28 35 71 71
0650_0023_0064_0030_0030.jpg 1 23 64 30 30
0651_0016_0026_0038_0038.jpg 1 16 26 38 38
0652_0056_0056_0044_0044.jpg 1 56 56 44 44
0653_0024_0042_0042_0042.jpg 1 24 42 42 42
0654_0049_0044_0032_0032.jpg 1 49 44 32 32
0655_0046_0037_0066_0066.jpg 1 46 37 66 66
0656_0014_0013_0025_0025.jpg 1 14 13 25 25
0657_0037_0042_0068_0068.jpg 1 37 42 68 68
0658_0007_0009_0083_0083.jpg 1 7 9 83 83
0659_0024_0034_0080_0080.jpg 1 24 34 80 80
0660_0042_0032_0069_0069.jpg 1 42 32 69 69
0661_0031_0020_0077_0077.jpg 1 31 20 77 77
0662_0026_0008_0078_0078.jpg 1 26 8 78 78
0663_0027_0024_0073_0073.jpg 1 27 24 73 73
0664_0024_0054_0043_0043.jpg 1 24 54 43 43
0665_0060_0041_0024_0024.jpg 1 60 41 24 24
0666_0008_0020_0081_0081.jpg 1 8 20 81 81
0667_0035_0012_0079_0079.jpg 1 35 12 79 79
0668_0037_0034_0059_0059.jpg 1 37 34 59 59
0669_0062_0036_0050_0050.jpg 1 62 36 50 50
0670_0051_0009_0033_0033.jpg 1 51 9 33 33
0671_0014_0008_0048_0048.jpg 1 14 8 48 48
0672_0038_0016_0061_0061.jpg 1 38 16 61 61
0673_0027_0008_0087_0087.jpg 1 27 8 87 87
0674_0024_0015_0084_0084.jpg 1 24 15 84 84
0675_0063_0024_0026_0026.jpg 1 63 24 26 26
0676_0064_0012_0042_0042.jpg 1 64 12 42 42
0677_0012_0010_0087_0087.jpg 1 12 10 87 87
0678_0041_0052_0025_0025.jpg 1 41 52 25 25
0679_0048_0031_0056_0056.jpg 1 48 31 56 56
0680_0011_0018_0061_0061.jpg 1 11 18 61 61
0681_0023_0028_0064_0064.jpg 1 23 28 64 64
0682_0013_0028_0059_0059.jpg 1 13 28 59 59
0683_0073_0027_0036_0036.jpg 1 73 27 36 36
0684_0022_0033_0067_0067.jpg 1 22 33 67 67
0685_0010_0027_0083_0083.jpg 1 10 27 83 83
0686_0030_0005_0076_0076.jpg 1 30 5 76 76
0687_0038_0016_0071_0071.jpg 1 38 16 71 71
0688_0065_0020_0044_0044.jpg 1 65 20 44 44
0689_0041_0028_0076_0076.jpg 1 41 28 76 76
0690_0009_0063_0045_0045.jpg 1 9 63 45 45
0691_0031_0048_0054_0054.jpg 1 31 48 54 54
0692_0058_0049_0043_0043.jpg 1 58 49 43 43
0693_0015_0006_0072_0072.jpg 1 15 6 72 72
0694_0073_0039_0025_0025.jpg 1 73 39 25 25
0695_0036_0053_0056_0056.jpg 1 36 53 56 56
0696_0046_0023_0054_0054.jpg 1 46 23 54 54
0697_0049_0026_0031_0031.jpg 1 49 26 31 31
0698_0043_0068_0039_0039.jpg 1 43 68 39 39
0699_0047_0047_0050_0050.jpg 1 47 47 50 50
0700_0018_0022_0085_0085.jpg 1 18 22 85 85
0701_0030_0019_0073_0073.jpg 1 30 19 73 73
0702_0040_0055_0055_0055.jpg 1 40 55 55 55
0703_0031_0018_0081_0081.jpg 1 31 18 81 81
0704_0012_0025_0027_0027.jpg 1 12 25 27 27
0705_0025_0022_0049_0049.jpg 1 25 22 49 49
0706_0072_0073_0027_0027.jpg 1 72 73 27 27
0707_0012_0007_0072_0072.jpg 1 12 7 72 72
0708_0014_0048_0059_0059.jpg 1 14 48 59 59
0709_0017_0034_0035_0035.jpg 1 17 34 35 35
0710_0056_0052_0042_0042.jpg 1 56 52 42 42
0711_0011_0039_0042_0042.jpg 1 11 39 42 42
0712_0040_0033_0065_0065.jpg 1 40 33 65 65
0713_0019_0029_0086_0086.jpg 1 19 29 86 86
0714_0046_0020_0056_0056.jpg 1 46 20 56 56
0715_0006_0031_0085_0085.jpg 1 6 31 85 85
0716_0055_0026_0042_0042.jpg 1 55 26 42 42
0717_0049_0015_0063_0063.jpg 1 49 15 63 63
0718_0065_0046_0037_0037.jpg 1 65 46 37 37
0719_0055_0049_0031_0031.jpg 1 55 49 31 31
0720_0016_0030_0088_0088.jpg 1 16 30 88 88
0721_0028_0031_0089_0089.jpg 1 28 31 89 89
0722_0018_0046_0063_0063.jpg 1 18 46 63 63
0723_0055_0046_0033_0033.jpg 1 55 46 33 33
0724_0070_0017_0034_0034.jpg 1 70 17 34 34
0725_0016_0043_0025_0025.jpg 1 16 43 25 25
0726_0018_0005_0087_0087.jpg 1 18 5 87 87
0727_0010_0018_0081_0081.jpg 1 10 18 81 81
0728_0043_0023_0047_0047.jpg 1 43 23 47 47
0729_0028_0031_0077_0077.jpg 1 28 31 77 77
0730_0017_0035_0083_0083.jpg 1 17 35 83 83
0731_0029_0028_0038_0038.jpg 1 29 28 38 38
0732_0079_0049_0028_0028.jpg 1 79 49 28 28
0733_0012_0016_0077_0077.jpg 1 12 16 77 77
0734_0011_0024_0085_0085.jpg 1 11 24 85 85
0735_0054_0016_0032_0032.jpg 1 54 16 32 32
0736_0013_0029_0086_0086.jpg 1 13 29 86 86
0737_0020_0027_0045_0045.jpg 1 20 27 45 45
0738_0008_0015_0086_0086.jpg 1 8 15 86 86
0739_0019_0026_0071_0071.jpg 1 19 26 71 71
0740_0018_0017_0082_0082.jpg 1 18 17 82 82
0741_0045_0072_0030_0030.jpg 1 45 72 30 30
0742_0005_0015_0079_0079.jpg 1 5 15 79 79
0743_0035_0020_0072_0072.jpg 1 35 20 72 72
0744_0044_0020_0068_0068.jpg 1 44 20 68 68
0745_0010_0028_0060_0060.jpg 1 10 28 60 60
0746_0058_0059_0045_0045.jpg 1 58 59 45 45
0747_0032_0024_0048_0048.jpg 1 32 24 48 48
0748_0053_0043_0041_0041.jpg 1 53 43 41 41
0749_0019_0022_0083_0083.jpg 1 19 22 83 83
0750_0013_0015_0087_0087.jpg 1 13 15 87 87
0751_0019_0025_0083_0083.jpg 1 19 25 83 83
0752_0064_0080_0026_0026.jpg 1 64 80 26 26
0753_0044_0036_0072_0072.jpg 1 44 36 72 72
0754_0032_0031_0027_0027.jpg 1 32 31 27 27
0755_0011_0021_0071_0071.jpg 1 11 21 71 71
0756_0077_0067_0029_0029.jpg 1 77 67 29 29
0757_0020_0018_0038_0038.jpg 1 20 18 38 38
0758_0020_0024_0056_0056.jpg 1 20 24 56 56
0759_0043_0045_0043_0043.jpg 1 43 45 43 43
0760_0018_0018_0027_0027.jpg 1 18 18 27 27
0761_0049_0077_0027_0027.jpg 1 49 77 27 27
0762_0035_0017_0073_0073.jpg 1 35 17 73 73
0763_0017_0030_0080_0080.jpg 1 17 30 80 80
0764_0009_0027_0058_0058.jpg 1 9 27 58 58
0765_0038_0056_0047_0047.jpg 1 38 56 47 47
0766_0012_0022_0057_0057.jpg 1 12 22 57 57
0767_0023_0030_0069_0069.jpg 1 23 30 69 69
0768_0031_0050_0044_0044.jpg 1 31 50 44 44
0769_0024_0011_0056_0056.jpg 1 24 11 56 56
0770_0043_0044_0071_0071.jpg 1 43 44 71 71
0771_0060_0051_0049_0049.jpg 1 60 51 49 49
0772_0015_0023_0087_0087.jpg 1 15 23 87 87
0773_0046_0053_0049_0049.jpg 1 46 53 49 49
0774_0029_0031_0034_0034.jpg 1 29 31 34 34
0775_0053_0029_0044_0044.jpg 1 53 29 44 44
0776_0013_0027_0059_0059.jpg 1 13 27 59 59
